<?xml version="1.0" encoding="UTF-8"?>
<!-- Generated by org.testng.reporters.JUnitReportReporter -->
<testsuite skipped="0" hostname="DESKTOP-4LGOUIP" name="com.nopcommerce.users.Level_01_Register_Login" tests="2" failures="0" timestamp="17 Jun 2021 14:12:11 GMT" time="23.420" errors="0">
  <testcase name="TC_02_Login" time="14.909" classname="com.nopcommerce.users.Level_01_Register_Login"/>
  <testcase name="TC_01_Register" time="8.511" classname="com.nopcommerce.users.Level_01_Register_Login"/>
</testsuite> <!-- com.nopcommerce.users.Level_01_Register_Login -->
