<?xml version="1.0" encoding="UTF-8"?>
<!-- Generated by org.testng.reporters.JUnitReportReporter -->
<testsuite skipped="0" hostname="DESKTOP-4LGOUIP" name="com.nopcommerce.users.Level_01_Register_Login" tests="15" failures="0" timestamp="14 Jun 2021 09:57:33 GMT" time="128.866" errors="0">
  <testcase name="TC_01_Register" time="14.529" classname="com.nopcommerce.users.Level_01_Register_Login"/>
  <testcase name="TC_01_Register" time="9.222" classname="com.nopcommerce.users.Level_01_Register_Login"/>
  <testcase name="TC_01_Register" time="21.214" classname="com.nopcommerce.users.Level_01_Register_Login"/>
  <testcase name="TC_03_View_My_Account" time="3.867" classname="com.nopcommerce.users.Level_01_Register_Login"/>
  <testcase name="TC_02_Login" time="6.635" classname="com.nopcommerce.users.Level_01_Register_Login"/>
  <testcase name="TC_03_View_My_Account" time="4.122" classname="com.nopcommerce.users.Level_01_Register_Login"/>
  <testcase name="TC_02_Login" time="8.170" classname="com.nopcommerce.users.Level_01_Register_Login"/>
  <testcase name="TC_02_Login" time="6.172" classname="com.nopcommerce.users.Level_01_Register_Login"/>
  <testcase name="TC_03_View_My_Account" time="4.576" classname="com.nopcommerce.users.Level_01_Register_Login"/>
  <testcase name="TC_02_Login" time="5.630" classname="com.nopcommerce.users.Level_01_Register_Login"/>
  <testcase name="TC_03_View_My_Account" time="4.013" classname="com.nopcommerce.users.Level_01_Register_Login"/>
  <testcase name="TC_01_Register" time="14.245" classname="com.nopcommerce.users.Level_01_Register_Login"/>
  <testcase name="TC_01_Register" time="14.898" classname="com.nopcommerce.users.Level_01_Register_Login"/>
  <testcase name="TC_03_View_My_Account" time="5.289" classname="com.nopcommerce.users.Level_01_Register_Login"/>
  <testcase name="TC_02_Login" time="6.284" classname="com.nopcommerce.users.Level_01_Register_Login"/>
</testsuite> <!-- com.nopcommerce.users.Level_01_Register_Login -->
