<?xml version="1.0" encoding="UTF-8"?>
<!-- Generated by org.testng.reporters.JUnitReportReporter -->
<testsuite skipped="0" hostname="DESKTOP-UVLCEG8" name="com.nopcommerce.users.Level_01_Register_Login" tests="1" failures="0" timestamp="07 Jun 2021 09:34:28 GMT" time="13.836" errors="0">
  <testcase name="TC_01_Register" time="13.836" classname="com.nopcommerce.users.Level_01_Register_Login"/>
</testsuite> <!-- com.nopcommerce.users.Level_01_Register_Login -->
