<?xml version="1.0" encoding="UTF-8"?>
<!-- Generated by org.testng.reporters.JUnitReportReporter -->
<testsuite skipped="0" hostname="DESKTOP-UVLCEG8" name="com.nopcommerce.users.Level_01_Register_Login" tests="3" failures="0" timestamp="04 Jun 2021 03:51:10 GMT" time="10.820" errors="0">
  <testcase name="TC_02_Login" time="2.951" classname="com.nopcommerce.users.Level_01_Register_Login"/>
  <testcase name="TC_03_View_My_Account" time="1.309" classname="com.nopcommerce.users.Level_01_Register_Login"/>
  <testcase name="TC_01_Register" time="6.560" classname="com.nopcommerce.users.Level_01_Register_Login"/>
</testsuite> <!-- com.nopcommerce.users.Level_01_Register_Login -->
