<?xml version="1.0" encoding="UTF-8"?>
<!-- Generated by org.testng.reporters.JUnitReportReporter -->
<testsuite skipped="0" hostname="DESKTOP-4LGOUIP" name="com.nopcommerce.users.Level_01_Register_Login" tests="15" failures="0" timestamp="15 Jun 2021 02:20:17 GMT" time="144.236" errors="0">
  <testcase name="TC_01_Register" time="10.021" classname="com.nopcommerce.users.Level_01_Register_Login"/>
  <testcase name="TC_02_Login" time="6.961" classname="com.nopcommerce.users.Level_01_Register_Login"/>
  <testcase name="TC_03_View_My_Account" time="7.174" classname="com.nopcommerce.users.Level_01_Register_Login"/>
  <testcase name="TC_03_View_My_Account" time="7.597" classname="com.nopcommerce.users.Level_01_Register_Login"/>
  <testcase name="TC_03_View_My_Account" time="6.320" classname="com.nopcommerce.users.Level_01_Register_Login"/>
  <testcase name="TC_02_Login" time="7.949" classname="com.nopcommerce.users.Level_01_Register_Login"/>
  <testcase name="TC_01_Register" time="12.569" classname="com.nopcommerce.users.Level_01_Register_Login"/>
  <testcase name="TC_03_View_My_Account" time="4.353" classname="com.nopcommerce.users.Level_01_Register_Login"/>
  <testcase name="TC_02_Login" time="7.387" classname="com.nopcommerce.users.Level_01_Register_Login"/>
  <testcase name="TC_01_Register" time="15.620" classname="com.nopcommerce.users.Level_01_Register_Login"/>
  <testcase name="TC_02_Login" time="8.353" classname="com.nopcommerce.users.Level_01_Register_Login"/>
  <testcase name="TC_03_View_My_Account" time="6.348" classname="com.nopcommerce.users.Level_01_Register_Login"/>
  <testcase name="TC_01_Register" time="19.547" classname="com.nopcommerce.users.Level_01_Register_Login"/>
  <testcase name="TC_01_Register" time="18.640" classname="com.nopcommerce.users.Level_01_Register_Login"/>
  <testcase name="TC_02_Login" time="5.397" classname="com.nopcommerce.users.Level_01_Register_Login"/>
</testsuite> <!-- com.nopcommerce.users.Level_01_Register_Login -->
