<?xml version="1.0" encoding="UTF-8"?>
<!-- Generated by org.testng.reporters.JUnitReportReporter -->
<testsuite skipped="15" hostname="DESKTOP-4LGOUIP" name="com.nopcommerce.users.Level_01_Register_Login" tests="20" failures="0" timestamp="11 Jun 2021 10:19:31 GMT" time="4.126" errors="5">
  <testcase name="TC_03_View_My_Account" time="0.000" classname="com.nopcommerce.users.Level_01_Register_Login">
    <skipped/>
  </testcase> <!-- TC_03_View_My_Account -->
  <testcase name="TC_03_View_My_Account" time="0.000" classname="com.nopcommerce.users.Level_01_Register_Login">
    <skipped/>
  </testcase> <!-- TC_03_View_My_Account -->
  <testcase name="TC_01_Register" time="0.000" classname="com.nopcommerce.users.Level_01_Register_Login">
    <skipped/>
  </testcase> <!-- TC_01_Register -->
  <testcase name="TC_01_Register" time="0.000" classname="com.nopcommerce.users.Level_01_Register_Login">
    <skipped/>
  </testcase> <!-- TC_01_Register -->
  <testcase name="TC_03_View_My_Account" time="0.000" classname="com.nopcommerce.users.Level_01_Register_Login">
    <skipped/>
  </testcase> <!-- TC_03_View_My_Account -->
  <testcase name="beforeClass" time="0.544" classname="com.nopcommerce.users.Level_01_Register_Login">
    <error type="org.openqa.selenium.SessionNotCreatedException" message="Failed to set preferences: Unable to write Firefox profile: There is not enough space on the disk. (os error 112)
Build info: version: &#039;3.141.59&#039;, revision: &#039;e82be7d358&#039;, time: &#039;2018-11-14T08:25:53&#039;
System info: host: &#039;DESKTOP-4LGOUIP&#039;, ip: &#039;192.168.1.4&#039;, os.name: &#039;Windows 10&#039;, os.arch: &#039;amd64&#039;, os.version: &#039;10.0&#039;, java.version: &#039;1.8.0_271&#039;
Driver info: driver.version: FirefoxDriver
remote stacktrace: ">
      <![CDATA[org.openqa.selenium.SessionNotCreatedException: Failed to set preferences: Unable to write Firefox profile: There is not enough space on the disk. (os error 112)
Build info: version: '3.141.59', revision: 'e82be7d358', time: '2018-11-14T08:25:53'
System info: host: 'DESKTOP-4LGOUIP', ip: '192.168.1.4', os.name: 'Windows 10', os.arch: 'amd64', os.version: '10.0', java.version: '1.8.0_271'
Driver info: driver.version: FirefoxDriver
remote stacktrace: 
at sun.reflect.NativeConstructorAccessorImpl.newInstance0(Native Method)
at sun.reflect.NativeConstructorAccessorImpl.newInstance(Unknown Source)
at sun.reflect.DelegatingConstructorAccessorImpl.newInstance(Unknown Source)
at java.lang.reflect.Constructor.newInstance(Unknown Source)
at org.openqa.selenium.remote.W3CHandshakeResponse.lambda$errorHandler$0(W3CHandshakeResponse.java:62)
at org.openqa.selenium.remote.HandshakeResponse.lambda$getResponseFunction$0(HandshakeResponse.java:30)
at org.openqa.selenium.remote.ProtocolHandshake.lambda$createSession$0(ProtocolHandshake.java:126)
at java.util.stream.ReferencePipeline$3$1.accept(Unknown Source)
at java.util.Spliterators$ArraySpliterator.tryAdvance(Unknown Source)
at java.util.stream.ReferencePipeline.forEachWithCancel(Unknown Source)
at java.util.stream.AbstractPipeline.copyIntoWithCancel(Unknown Source)
at java.util.stream.AbstractPipeline.copyInto(Unknown Source)
at java.util.stream.AbstractPipeline.wrapAndCopyInto(Unknown Source)
at java.util.stream.FindOps$FindOp.evaluateSequential(Unknown Source)
at java.util.stream.AbstractPipeline.evaluate(Unknown Source)
at java.util.stream.ReferencePipeline.findFirst(Unknown Source)
at org.openqa.selenium.remote.ProtocolHandshake.createSession(ProtocolHandshake.java:128)
at org.openqa.selenium.remote.ProtocolHandshake.createSession(ProtocolHandshake.java:74)
at org.openqa.selenium.remote.HttpCommandExecutor.execute(HttpCommandExecutor.java:136)
at org.openqa.selenium.remote.service.DriverCommandExecutor.execute(DriverCommandExecutor.java:83)
at org.openqa.selenium.remote.RemoteWebDriver.execute(RemoteWebDriver.java:552)
at org.openqa.selenium.remote.RemoteWebDriver.startSession(RemoteWebDriver.java:213)
at org.openqa.selenium.remote.RemoteWebDriver.<init>(RemoteWebDriver.java:131)
at org.openqa.selenium.firefox.FirefoxDriver.<init>(FirefoxDriver.java:147)
at commons.AbstractTest.getBrowserDriver(AbstractTest.java:40)
at com.nopcommerce.users.Level_01_Register_Login.beforeClass(Level_01_Register_Login.java:57)
at sun.reflect.NativeMethodAccessorImpl.invoke0(Native Method)
at sun.reflect.NativeMethodAccessorImpl.invoke(Unknown Source)
at sun.reflect.DelegatingMethodAccessorImpl.invoke(Unknown Source)
at java.lang.reflect.Method.invoke(Unknown Source)
at org.testng.internal.MethodInvocationHelper.invokeMethod(MethodInvocationHelper.java:124)
at org.testng.internal.MethodInvocationHelper.invokeMethodConsideringTimeout(MethodInvocationHelper.java:59)
at org.testng.internal.Invoker.invokeConfigurationMethod(Invoker.java:458)
at org.testng.internal.Invoker.invokeConfigurations(Invoker.java:222)
at org.testng.internal.Invoker.invokeConfigurations(Invoker.java:142)
at org.testng.internal.TestMethodWorker.invokeBeforeClassMethods(TestMethodWorker.java:168)
at org.testng.internal.TestMethodWorker.run(TestMethodWorker.java:105)
at org.testng.TestRunner.privateRun(TestRunner.java:648)
at org.testng.TestRunner.run(TestRunner.java:505)
at org.testng.SuiteRunner.runTest(SuiteRunner.java:455)
at org.testng.SuiteRunner.runSequentially(SuiteRunner.java:450)
at org.testng.SuiteRunner.privateRun(SuiteRunner.java:415)
at org.testng.SuiteRunner.run(SuiteRunner.java:364)
at org.testng.SuiteRunnerWorker.runSuite(SuiteRunnerWorker.java:52)
at org.testng.SuiteRunnerWorker.run(SuiteRunnerWorker.java:84)
at org.testng.TestNG.runSuitesSequentially(TestNG.java:1208)
at org.testng.TestNG.runSuitesLocally(TestNG.java:1137)
at org.testng.TestNG.runSuites(TestNG.java:1049)
at org.testng.TestNG.run(TestNG.java:1017)
at org.testng.remote.AbstractRemoteTestNG.run(AbstractRemoteTestNG.java:115)
at org.testng.remote.RemoteTestNG.initAndRun(RemoteTestNG.java:251)
at org.testng.remote.RemoteTestNG.main(RemoteTestNG.java:77)
]]>
    </error>
  </testcase> <!-- beforeClass -->
  <testcase name="TC_02_Login" time="0.000" classname="com.nopcommerce.users.Level_01_Register_Login">
    <skipped/>
  </testcase> <!-- TC_02_Login -->
  <testcase name="beforeClass" time="0.597" classname="com.nopcommerce.users.Level_01_Register_Login">
    <error type="org.openqa.selenium.WebDriverException" message="unknown error: failed to write prefs file
Build info: version: &#039;3.141.59&#039;, revision: &#039;e82be7d358&#039;, time: &#039;2018-11-14T08:25:53&#039;
System info: host: &#039;DESKTOP-4LGOUIP&#039;, ip: &#039;192.168.1.4&#039;, os.name: &#039;Windows 10&#039;, os.arch: &#039;amd64&#039;, os.version: &#039;10.0&#039;, java.version: &#039;1.8.0_271&#039;
Driver info: driver.version: ChromeDriver
remote stacktrace: Backtrace:
	Ordinal0 [0x00802DB3+2502067]
	Ordinal0 [0x0079C5B1+2082225]
	Ordinal0 [0x006A2498+1057944]
	Ordinal0 [0x006BF2BC+1176252]
	Ordinal0 [0x006BF3E5+1176549]
	Ordinal0 [0x006BCE9A+1167002]
	Ordinal0 [0x006B9C73+1154163]
	Ordinal0 [0x006E9A22+1350178]
	Ordinal0 [0x006E967A+1349242]
	Ordinal0 [0x006E5BEB+1334251]
	Ordinal0 [0x006C2174+1188212]
	Ordinal0 [0x006C3009+1191945]
	GetHandleVerifier [0x0097EC5C+1511084]
	GetHandleVerifier [0x00A28522+2205554]
	GetHandleVerifier [0x00883393+480739]
	GetHandleVerifier [0x00882579+477129]
	Ordinal0 [0x007A1E5D+2104925]
	Ordinal0 [0x007A63F8+2122744]
	Ordinal0 [0x007A6537+2123063]
	Ordinal0 [0x007AEE53+2158163]
	BaseThreadInitThunk [0x76F8FA29+25]
	RtlGetAppContainerNamedObjectPath [0x770D7A7E+286]
	RtlGetAppContainerNamedObjectPath [0x770D7A4E+238]
">
      <![CDATA[org.openqa.selenium.WebDriverException: unknown error: failed to write prefs file
Build info: version: '3.141.59', revision: 'e82be7d358', time: '2018-11-14T08:25:53'
System info: host: 'DESKTOP-4LGOUIP', ip: '192.168.1.4', os.name: 'Windows 10', os.arch: 'amd64', os.version: '10.0', java.version: '1.8.0_271'
Driver info: driver.version: ChromeDriver
remote stacktrace: Backtrace:
Ordinal0 [0x00802DB3+2502067]
Ordinal0 [0x0079C5B1+2082225]
Ordinal0 [0x006A2498+1057944]
Ordinal0 [0x006BF2BC+1176252]
Ordinal0 [0x006BF3E5+1176549]
Ordinal0 [0x006BCE9A+1167002]
Ordinal0 [0x006B9C73+1154163]
Ordinal0 [0x006E9A22+1350178]
Ordinal0 [0x006E967A+1349242]
Ordinal0 [0x006E5BEB+1334251]
Ordinal0 [0x006C2174+1188212]
Ordinal0 [0x006C3009+1191945]
GetHandleVerifier [0x0097EC5C+1511084]
GetHandleVerifier [0x00A28522+2205554]
GetHandleVerifier [0x00883393+480739]
GetHandleVerifier [0x00882579+477129]
Ordinal0 [0x007A1E5D+2104925]
Ordinal0 [0x007A63F8+2122744]
Ordinal0 [0x007A6537+2123063]
Ordinal0 [0x007AEE53+2158163]
BaseThreadInitThunk [0x76F8FA29+25]
RtlGetAppContainerNamedObjectPath [0x770D7A7E+286]
RtlGetAppContainerNamedObjectPath [0x770D7A4E+238]

at sun.reflect.NativeConstructorAccessorImpl.newInstance0(Native Method)
at sun.reflect.NativeConstructorAccessorImpl.newInstance(Unknown Source)
at sun.reflect.DelegatingConstructorAccessorImpl.newInstance(Unknown Source)
at java.lang.reflect.Constructor.newInstance(Unknown Source)
at org.openqa.selenium.remote.W3CHandshakeResponse.lambda$errorHandler$0(W3CHandshakeResponse.java:62)
at org.openqa.selenium.remote.HandshakeResponse.lambda$getResponseFunction$0(HandshakeResponse.java:30)
at org.openqa.selenium.remote.ProtocolHandshake.lambda$createSession$0(ProtocolHandshake.java:126)
at java.util.stream.ReferencePipeline$3$1.accept(Unknown Source)
at java.util.Spliterators$ArraySpliterator.tryAdvance(Unknown Source)
at java.util.stream.ReferencePipeline.forEachWithCancel(Unknown Source)
at java.util.stream.AbstractPipeline.copyIntoWithCancel(Unknown Source)
at java.util.stream.AbstractPipeline.copyInto(Unknown Source)
at java.util.stream.AbstractPipeline.wrapAndCopyInto(Unknown Source)
at java.util.stream.FindOps$FindOp.evaluateSequential(Unknown Source)
at java.util.stream.AbstractPipeline.evaluate(Unknown Source)
at java.util.stream.ReferencePipeline.findFirst(Unknown Source)
at org.openqa.selenium.remote.ProtocolHandshake.createSession(ProtocolHandshake.java:128)
at org.openqa.selenium.remote.ProtocolHandshake.createSession(ProtocolHandshake.java:74)
at org.openqa.selenium.remote.HttpCommandExecutor.execute(HttpCommandExecutor.java:136)
at org.openqa.selenium.remote.service.DriverCommandExecutor.execute(DriverCommandExecutor.java:83)
at org.openqa.selenium.remote.RemoteWebDriver.execute(RemoteWebDriver.java:552)
at org.openqa.selenium.remote.RemoteWebDriver.startSession(RemoteWebDriver.java:213)
at org.openqa.selenium.remote.RemoteWebDriver.<init>(RemoteWebDriver.java:131)
at org.openqa.selenium.chrome.ChromeDriver.<init>(ChromeDriver.java:181)
at org.openqa.selenium.chrome.ChromeDriver.<init>(ChromeDriver.java:168)
at org.openqa.selenium.chrome.ChromeDriver.<init>(ChromeDriver.java:123)
at commons.AbstractTest.getBrowserDriver(AbstractTest.java:32)
at com.nopcommerce.users.Level_01_Register_Login.beforeClass(Level_01_Register_Login.java:57)
at sun.reflect.NativeMethodAccessorImpl.invoke0(Native Method)
at sun.reflect.NativeMethodAccessorImpl.invoke(Unknown Source)
at sun.reflect.DelegatingMethodAccessorImpl.invoke(Unknown Source)
at java.lang.reflect.Method.invoke(Unknown Source)
at org.testng.internal.MethodInvocationHelper.invokeMethod(MethodInvocationHelper.java:124)
at org.testng.internal.MethodInvocationHelper.invokeMethodConsideringTimeout(MethodInvocationHelper.java:59)
at org.testng.internal.Invoker.invokeConfigurationMethod(Invoker.java:458)
at org.testng.internal.Invoker.invokeConfigurations(Invoker.java:222)
at org.testng.internal.Invoker.invokeConfigurations(Invoker.java:142)
at org.testng.internal.TestMethodWorker.invokeBeforeClassMethods(TestMethodWorker.java:168)
at org.testng.internal.TestMethodWorker.run(TestMethodWorker.java:105)
at org.testng.TestRunner.privateRun(TestRunner.java:648)
at org.testng.TestRunner.run(TestRunner.java:505)
at org.testng.SuiteRunner.runTest(SuiteRunner.java:455)
at org.testng.SuiteRunner.runSequentially(SuiteRunner.java:450)
at org.testng.SuiteRunner.privateRun(SuiteRunner.java:415)
at org.testng.SuiteRunner.run(SuiteRunner.java:364)
at org.testng.SuiteRunnerWorker.runSuite(SuiteRunnerWorker.java:52)
at org.testng.SuiteRunnerWorker.run(SuiteRunnerWorker.java:84)
at org.testng.TestNG.runSuitesSequentially(TestNG.java:1208)
at org.testng.TestNG.runSuitesLocally(TestNG.java:1137)
at org.testng.TestNG.runSuites(TestNG.java:1049)
at org.testng.TestNG.run(TestNG.java:1017)
at org.testng.remote.AbstractRemoteTestNG.run(AbstractRemoteTestNG.java:115)
at org.testng.remote.RemoteTestNG.initAndRun(RemoteTestNG.java:251)
at org.testng.remote.RemoteTestNG.main(RemoteTestNG.java:77)
]]>
    </error>
  </testcase> <!-- beforeClass -->
  <testcase name="TC_01_Register" time="0.000" classname="com.nopcommerce.users.Level_01_Register_Login">
    <skipped/>
  </testcase> <!-- TC_01_Register -->
  <testcase name="beforeClass" time="0.559" classname="com.nopcommerce.users.Level_01_Register_Login">
    <error type="org.openqa.selenium.WebDriverException" message="unknown error: failed to write prefs file
Build info: version: &#039;3.141.59&#039;, revision: &#039;e82be7d358&#039;, time: &#039;2018-11-14T08:25:53&#039;
System info: host: &#039;DESKTOP-4LGOUIP&#039;, ip: &#039;192.168.1.4&#039;, os.name: &#039;Windows 10&#039;, os.arch: &#039;amd64&#039;, os.version: &#039;10.0&#039;, java.version: &#039;1.8.0_271&#039;
Driver info: driver.version: ChromeDriver
remote stacktrace: Backtrace:
	Ordinal0 [0x00802DB3+2502067]
	Ordinal0 [0x0079C5B1+2082225]
	Ordinal0 [0x006A2498+1057944]
	Ordinal0 [0x006BF2BC+1176252]
	Ordinal0 [0x006BF3E5+1176549]
	Ordinal0 [0x006BCE9A+1167002]
	Ordinal0 [0x006B9C73+1154163]
	Ordinal0 [0x006E9A22+1350178]
	Ordinal0 [0x006E967A+1349242]
	Ordinal0 [0x006E5BEB+1334251]
	Ordinal0 [0x006C2174+1188212]
	Ordinal0 [0x006C3009+1191945]
	GetHandleVerifier [0x0097EC5C+1511084]
	GetHandleVerifier [0x00A28522+2205554]
	GetHandleVerifier [0x00883393+480739]
	GetHandleVerifier [0x00882579+477129]
	Ordinal0 [0x007A1E5D+2104925]
	Ordinal0 [0x007A63F8+2122744]
	Ordinal0 [0x007A6537+2123063]
	Ordinal0 [0x007AEE53+2158163]
	BaseThreadInitThunk [0x76F8FA29+25]
	RtlGetAppContainerNamedObjectPath [0x770D7A7E+286]
	RtlGetAppContainerNamedObjectPath [0x770D7A4E+238]
">
      <![CDATA[org.openqa.selenium.WebDriverException: unknown error: failed to write prefs file
Build info: version: '3.141.59', revision: 'e82be7d358', time: '2018-11-14T08:25:53'
System info: host: 'DESKTOP-4LGOUIP', ip: '192.168.1.4', os.name: 'Windows 10', os.arch: 'amd64', os.version: '10.0', java.version: '1.8.0_271'
Driver info: driver.version: ChromeDriver
remote stacktrace: Backtrace:
Ordinal0 [0x00802DB3+2502067]
Ordinal0 [0x0079C5B1+2082225]
Ordinal0 [0x006A2498+1057944]
Ordinal0 [0x006BF2BC+1176252]
Ordinal0 [0x006BF3E5+1176549]
Ordinal0 [0x006BCE9A+1167002]
Ordinal0 [0x006B9C73+1154163]
Ordinal0 [0x006E9A22+1350178]
Ordinal0 [0x006E967A+1349242]
Ordinal0 [0x006E5BEB+1334251]
Ordinal0 [0x006C2174+1188212]
Ordinal0 [0x006C3009+1191945]
GetHandleVerifier [0x0097EC5C+1511084]
GetHandleVerifier [0x00A28522+2205554]
GetHandleVerifier [0x00883393+480739]
GetHandleVerifier [0x00882579+477129]
Ordinal0 [0x007A1E5D+2104925]
Ordinal0 [0x007A63F8+2122744]
Ordinal0 [0x007A6537+2123063]
Ordinal0 [0x007AEE53+2158163]
BaseThreadInitThunk [0x76F8FA29+25]
RtlGetAppContainerNamedObjectPath [0x770D7A7E+286]
RtlGetAppContainerNamedObjectPath [0x770D7A4E+238]

at sun.reflect.NativeConstructorAccessorImpl.newInstance0(Native Method)
at sun.reflect.NativeConstructorAccessorImpl.newInstance(Unknown Source)
at sun.reflect.DelegatingConstructorAccessorImpl.newInstance(Unknown Source)
at java.lang.reflect.Constructor.newInstance(Unknown Source)
at org.openqa.selenium.remote.W3CHandshakeResponse.lambda$errorHandler$0(W3CHandshakeResponse.java:62)
at org.openqa.selenium.remote.HandshakeResponse.lambda$getResponseFunction$0(HandshakeResponse.java:30)
at org.openqa.selenium.remote.ProtocolHandshake.lambda$createSession$0(ProtocolHandshake.java:126)
at java.util.stream.ReferencePipeline$3$1.accept(Unknown Source)
at java.util.Spliterators$ArraySpliterator.tryAdvance(Unknown Source)
at java.util.stream.ReferencePipeline.forEachWithCancel(Unknown Source)
at java.util.stream.AbstractPipeline.copyIntoWithCancel(Unknown Source)
at java.util.stream.AbstractPipeline.copyInto(Unknown Source)
at java.util.stream.AbstractPipeline.wrapAndCopyInto(Unknown Source)
at java.util.stream.FindOps$FindOp.evaluateSequential(Unknown Source)
at java.util.stream.AbstractPipeline.evaluate(Unknown Source)
at java.util.stream.ReferencePipeline.findFirst(Unknown Source)
at org.openqa.selenium.remote.ProtocolHandshake.createSession(ProtocolHandshake.java:128)
at org.openqa.selenium.remote.ProtocolHandshake.createSession(ProtocolHandshake.java:74)
at org.openqa.selenium.remote.HttpCommandExecutor.execute(HttpCommandExecutor.java:136)
at org.openqa.selenium.remote.service.DriverCommandExecutor.execute(DriverCommandExecutor.java:83)
at org.openqa.selenium.remote.RemoteWebDriver.execute(RemoteWebDriver.java:552)
at org.openqa.selenium.remote.RemoteWebDriver.startSession(RemoteWebDriver.java:213)
at org.openqa.selenium.remote.RemoteWebDriver.<init>(RemoteWebDriver.java:131)
at org.openqa.selenium.chrome.ChromeDriver.<init>(ChromeDriver.java:181)
at org.openqa.selenium.chrome.ChromeDriver.<init>(ChromeDriver.java:168)
at org.openqa.selenium.chrome.ChromeDriver.<init>(ChromeDriver.java:157)
at commons.AbstractTest.getBrowserDriver(AbstractTest.java:49)
at com.nopcommerce.users.Level_01_Register_Login.beforeClass(Level_01_Register_Login.java:57)
at sun.reflect.NativeMethodAccessorImpl.invoke0(Native Method)
at sun.reflect.NativeMethodAccessorImpl.invoke(Unknown Source)
at sun.reflect.DelegatingMethodAccessorImpl.invoke(Unknown Source)
at java.lang.reflect.Method.invoke(Unknown Source)
at org.testng.internal.MethodInvocationHelper.invokeMethod(MethodInvocationHelper.java:124)
at org.testng.internal.MethodInvocationHelper.invokeMethodConsideringTimeout(MethodInvocationHelper.java:59)
at org.testng.internal.Invoker.invokeConfigurationMethod(Invoker.java:458)
at org.testng.internal.Invoker.invokeConfigurations(Invoker.java:222)
at org.testng.internal.Invoker.invokeConfigurations(Invoker.java:142)
at org.testng.internal.TestMethodWorker.invokeBeforeClassMethods(TestMethodWorker.java:168)
at org.testng.internal.TestMethodWorker.run(TestMethodWorker.java:105)
at org.testng.TestRunner.privateRun(TestRunner.java:648)
at org.testng.TestRunner.run(TestRunner.java:505)
at org.testng.SuiteRunner.runTest(SuiteRunner.java:455)
at org.testng.SuiteRunner.runSequentially(SuiteRunner.java:450)
at org.testng.SuiteRunner.privateRun(SuiteRunner.java:415)
at org.testng.SuiteRunner.run(SuiteRunner.java:364)
at org.testng.SuiteRunnerWorker.runSuite(SuiteRunnerWorker.java:52)
at org.testng.SuiteRunnerWorker.run(SuiteRunnerWorker.java:84)
at org.testng.TestNG.runSuitesSequentially(TestNG.java:1208)
at org.testng.TestNG.runSuitesLocally(TestNG.java:1137)
at org.testng.TestNG.runSuites(TestNG.java:1049)
at org.testng.TestNG.run(TestNG.java:1017)
at org.testng.remote.AbstractRemoteTestNG.run(AbstractRemoteTestNG.java:115)
at org.testng.remote.RemoteTestNG.initAndRun(RemoteTestNG.java:251)
at org.testng.remote.RemoteTestNG.main(RemoteTestNG.java:77)
]]>
    </error>
  </testcase> <!-- beforeClass -->
  <testcase name="TC_02_Login" time="0.000" classname="com.nopcommerce.users.Level_01_Register_Login">
    <skipped/>
  </testcase> <!-- TC_02_Login -->
  <testcase name="TC_02_Login" time="0.000" classname="com.nopcommerce.users.Level_01_Register_Login">
    <skipped/>
  </testcase> <!-- TC_02_Login -->
  <testcase name="TC_01_Register" time="0.000" classname="com.nopcommerce.users.Level_01_Register_Login">
    <skipped/>
  </testcase> <!-- TC_01_Register -->
  <testcase name="TC_01_Register" time="0.000" classname="com.nopcommerce.users.Level_01_Register_Login">
    <skipped/>
  </testcase> <!-- TC_01_Register -->
  <testcase name="TC_03_View_My_Account" time="0.000" classname="com.nopcommerce.users.Level_01_Register_Login">
    <skipped/>
  </testcase> <!-- TC_03_View_My_Account -->
  <testcase name="TC_03_View_My_Account" time="0.000" classname="com.nopcommerce.users.Level_01_Register_Login">
    <skipped/>
  </testcase> <!-- TC_03_View_My_Account -->
  <testcase name="beforeClass" time="1.855" classname="com.nopcommerce.users.Level_01_Register_Login">
    <error type="org.openqa.selenium.SessionNotCreatedException" message="Failed to set preferences: Unable to write Firefox profile: There is not enough space on the disk. (os error 112)
Build info: version: &#039;3.141.59&#039;, revision: &#039;e82be7d358&#039;, time: &#039;2018-11-14T08:25:53&#039;
System info: host: &#039;DESKTOP-4LGOUIP&#039;, ip: &#039;192.168.1.4&#039;, os.name: &#039;Windows 10&#039;, os.arch: &#039;amd64&#039;, os.version: &#039;10.0&#039;, java.version: &#039;1.8.0_271&#039;
Driver info: driver.version: FirefoxDriver
remote stacktrace: ">
      <![CDATA[org.openqa.selenium.SessionNotCreatedException: Failed to set preferences: Unable to write Firefox profile: There is not enough space on the disk. (os error 112)
Build info: version: '3.141.59', revision: 'e82be7d358', time: '2018-11-14T08:25:53'
System info: host: 'DESKTOP-4LGOUIP', ip: '192.168.1.4', os.name: 'Windows 10', os.arch: 'amd64', os.version: '10.0', java.version: '1.8.0_271'
Driver info: driver.version: FirefoxDriver
remote stacktrace: 
at sun.reflect.NativeConstructorAccessorImpl.newInstance0(Native Method)
at sun.reflect.NativeConstructorAccessorImpl.newInstance(Unknown Source)
at sun.reflect.DelegatingConstructorAccessorImpl.newInstance(Unknown Source)
at java.lang.reflect.Constructor.newInstance(Unknown Source)
at org.openqa.selenium.remote.W3CHandshakeResponse.lambda$errorHandler$0(W3CHandshakeResponse.java:62)
at org.openqa.selenium.remote.HandshakeResponse.lambda$getResponseFunction$0(HandshakeResponse.java:30)
at org.openqa.selenium.remote.ProtocolHandshake.lambda$createSession$0(ProtocolHandshake.java:126)
at java.util.stream.ReferencePipeline$3$1.accept(Unknown Source)
at java.util.Spliterators$ArraySpliterator.tryAdvance(Unknown Source)
at java.util.stream.ReferencePipeline.forEachWithCancel(Unknown Source)
at java.util.stream.AbstractPipeline.copyIntoWithCancel(Unknown Source)
at java.util.stream.AbstractPipeline.copyInto(Unknown Source)
at java.util.stream.AbstractPipeline.wrapAndCopyInto(Unknown Source)
at java.util.stream.FindOps$FindOp.evaluateSequential(Unknown Source)
at java.util.stream.AbstractPipeline.evaluate(Unknown Source)
at java.util.stream.ReferencePipeline.findFirst(Unknown Source)
at org.openqa.selenium.remote.ProtocolHandshake.createSession(ProtocolHandshake.java:128)
at org.openqa.selenium.remote.ProtocolHandshake.createSession(ProtocolHandshake.java:74)
at org.openqa.selenium.remote.HttpCommandExecutor.execute(HttpCommandExecutor.java:136)
at org.openqa.selenium.remote.service.DriverCommandExecutor.execute(DriverCommandExecutor.java:83)
at org.openqa.selenium.remote.RemoteWebDriver.execute(RemoteWebDriver.java:552)
at org.openqa.selenium.remote.RemoteWebDriver.startSession(RemoteWebDriver.java:213)
at org.openqa.selenium.remote.RemoteWebDriver.<init>(RemoteWebDriver.java:131)
at org.openqa.selenium.firefox.FirefoxDriver.<init>(FirefoxDriver.java:147)
at org.openqa.selenium.firefox.FirefoxDriver.<init>(FirefoxDriver.java:125)
at commons.AbstractTest.getBrowserDriver(AbstractTest.java:25)
at com.nopcommerce.users.Level_01_Register_Login.beforeClass(Level_01_Register_Login.java:57)
at sun.reflect.NativeMethodAccessorImpl.invoke0(Native Method)
at sun.reflect.NativeMethodAccessorImpl.invoke(Unknown Source)
at sun.reflect.DelegatingMethodAccessorImpl.invoke(Unknown Source)
at java.lang.reflect.Method.invoke(Unknown Source)
at org.testng.internal.MethodInvocationHelper.invokeMethod(MethodInvocationHelper.java:124)
at org.testng.internal.MethodInvocationHelper.invokeMethodConsideringTimeout(MethodInvocationHelper.java:59)
at org.testng.internal.Invoker.invokeConfigurationMethod(Invoker.java:458)
at org.testng.internal.Invoker.invokeConfigurations(Invoker.java:222)
at org.testng.internal.Invoker.invokeConfigurations(Invoker.java:142)
at org.testng.internal.TestMethodWorker.invokeBeforeClassMethods(TestMethodWorker.java:168)
at org.testng.internal.TestMethodWorker.run(TestMethodWorker.java:105)
at org.testng.TestRunner.privateRun(TestRunner.java:648)
at org.testng.TestRunner.run(TestRunner.java:505)
at org.testng.SuiteRunner.runTest(SuiteRunner.java:455)
at org.testng.SuiteRunner.runSequentially(SuiteRunner.java:450)
at org.testng.SuiteRunner.privateRun(SuiteRunner.java:415)
at org.testng.SuiteRunner.run(SuiteRunner.java:364)
at org.testng.SuiteRunnerWorker.runSuite(SuiteRunnerWorker.java:52)
at org.testng.SuiteRunnerWorker.run(SuiteRunnerWorker.java:84)
at org.testng.TestNG.runSuitesSequentially(TestNG.java:1208)
at org.testng.TestNG.runSuitesLocally(TestNG.java:1137)
at org.testng.TestNG.runSuites(TestNG.java:1049)
at org.testng.TestNG.run(TestNG.java:1017)
at org.testng.remote.AbstractRemoteTestNG.run(AbstractRemoteTestNG.java:115)
at org.testng.remote.RemoteTestNG.initAndRun(RemoteTestNG.java:251)
at org.testng.remote.RemoteTestNG.main(RemoteTestNG.java:77)
]]>
    </error>
  </testcase> <!-- beforeClass -->
  <testcase name="beforeClass" time="0.571" classname="com.nopcommerce.users.Level_01_Register_Login">
    <error type="org.openqa.selenium.WebDriverException" message="unknown error: failed to write prefs file
Build info: version: &#039;3.141.59&#039;, revision: &#039;e82be7d358&#039;, time: &#039;2018-11-14T08:25:53&#039;
System info: host: &#039;DESKTOP-4LGOUIP&#039;, ip: &#039;192.168.1.4&#039;, os.name: &#039;Windows 10&#039;, os.arch: &#039;amd64&#039;, os.version: &#039;10.0&#039;, java.version: &#039;1.8.0_271&#039;
Driver info: driver.version: EdgeDriver
remote stacktrace: Backtrace:
	Ordinal0 [0x00007FF6E9A28F52+4427602]
	Ordinal0 [0x00007FF6E96DD583+972163]
	Ordinal0 [0x00007FF6E97051FA+1135098]
	Ordinal0 [0x00007FF6E9705383+1135491]
	Ordinal0 [0x00007FF6E96FFC31+1113137]
	Ordinal0 [0x00007FF6E96FC4D3+1098963]
	Ordinal0 [0x00007FF6E9736F70+1339248]
	Ordinal0 [0x00007FF6E9732B8F+1321871]
	Ordinal0 [0x00007FF6E97086FA+1148666]
	Ordinal0 [0x00007FF6E970975F+1152863]
	Ordinal0 [0x00007FF6E979BBBD+1751997]
	Ordinal0 [0x00007FF6E979A152+1745234]
	Ordinal0 [0x00007FF6E9917824+3307556]
	Ordinal0 [0x00007FF6E9A48BC9+4557769]
	Ordinal0 [0x00007FF6E99D7EFE+4095742]
	Ordinal0 [0x00007FF6E99D7454+4093012]
	Ordinal0 [0x00007FF6E99D72A5+4092581]
	Ordinal0 [0x00007FF6E99F168F+4200079]
	BaseThreadInitThunk [0x00007FFF19E07034+20]
	RtlUserThreadStart [0x00007FFF1B862651+33]
">
      <![CDATA[org.openqa.selenium.WebDriverException: unknown error: failed to write prefs file
Build info: version: '3.141.59', revision: 'e82be7d358', time: '2018-11-14T08:25:53'
System info: host: 'DESKTOP-4LGOUIP', ip: '192.168.1.4', os.name: 'Windows 10', os.arch: 'amd64', os.version: '10.0', java.version: '1.8.0_271'
Driver info: driver.version: EdgeDriver
remote stacktrace: Backtrace:
Ordinal0 [0x00007FF6E9A28F52+4427602]
Ordinal0 [0x00007FF6E96DD583+972163]
Ordinal0 [0x00007FF6E97051FA+1135098]
Ordinal0 [0x00007FF6E9705383+1135491]
Ordinal0 [0x00007FF6E96FFC31+1113137]
Ordinal0 [0x00007FF6E96FC4D3+1098963]
Ordinal0 [0x00007FF6E9736F70+1339248]
Ordinal0 [0x00007FF6E9732B8F+1321871]
Ordinal0 [0x00007FF6E97086FA+1148666]
Ordinal0 [0x00007FF6E970975F+1152863]
Ordinal0 [0x00007FF6E979BBBD+1751997]
Ordinal0 [0x00007FF6E979A152+1745234]
Ordinal0 [0x00007FF6E9917824+3307556]
Ordinal0 [0x00007FF6E9A48BC9+4557769]
Ordinal0 [0x00007FF6E99D7EFE+4095742]
Ordinal0 [0x00007FF6E99D7454+4093012]
Ordinal0 [0x00007FF6E99D72A5+4092581]
Ordinal0 [0x00007FF6E99F168F+4200079]
BaseThreadInitThunk [0x00007FFF19E07034+20]
RtlUserThreadStart [0x00007FFF1B862651+33]

at sun.reflect.NativeConstructorAccessorImpl.newInstance0(Native Method)
at sun.reflect.NativeConstructorAccessorImpl.newInstance(Unknown Source)
at sun.reflect.DelegatingConstructorAccessorImpl.newInstance(Unknown Source)
at java.lang.reflect.Constructor.newInstance(Unknown Source)
at org.openqa.selenium.remote.W3CHandshakeResponse.lambda$errorHandler$0(W3CHandshakeResponse.java:62)
at org.openqa.selenium.remote.HandshakeResponse.lambda$getResponseFunction$0(HandshakeResponse.java:30)
at org.openqa.selenium.remote.ProtocolHandshake.lambda$createSession$0(ProtocolHandshake.java:126)
at java.util.stream.ReferencePipeline$3$1.accept(Unknown Source)
at java.util.Spliterators$ArraySpliterator.tryAdvance(Unknown Source)
at java.util.stream.ReferencePipeline.forEachWithCancel(Unknown Source)
at java.util.stream.AbstractPipeline.copyIntoWithCancel(Unknown Source)
at java.util.stream.AbstractPipeline.copyInto(Unknown Source)
at java.util.stream.AbstractPipeline.wrapAndCopyInto(Unknown Source)
at java.util.stream.FindOps$FindOp.evaluateSequential(Unknown Source)
at java.util.stream.AbstractPipeline.evaluate(Unknown Source)
at java.util.stream.ReferencePipeline.findFirst(Unknown Source)
at org.openqa.selenium.remote.ProtocolHandshake.createSession(ProtocolHandshake.java:128)
at org.openqa.selenium.remote.ProtocolHandshake.createSession(ProtocolHandshake.java:74)
at org.openqa.selenium.remote.HttpCommandExecutor.execute(HttpCommandExecutor.java:136)
at org.openqa.selenium.remote.service.DriverCommandExecutor.execute(DriverCommandExecutor.java:83)
at org.openqa.selenium.remote.RemoteWebDriver.execute(RemoteWebDriver.java:552)
at org.openqa.selenium.remote.RemoteWebDriver.startSession(RemoteWebDriver.java:213)
at org.openqa.selenium.remote.RemoteWebDriver.<init>(RemoteWebDriver.java:131)
at org.openqa.selenium.edge.EdgeDriver.<init>(EdgeDriver.java:141)
at org.openqa.selenium.edge.EdgeDriver.<init>(EdgeDriver.java:96)
at commons.AbstractTest.getBrowserDriver(AbstractTest.java:56)
at com.nopcommerce.users.Level_01_Register_Login.beforeClass(Level_01_Register_Login.java:57)
at sun.reflect.NativeMethodAccessorImpl.invoke0(Native Method)
at sun.reflect.NativeMethodAccessorImpl.invoke(Unknown Source)
at sun.reflect.DelegatingMethodAccessorImpl.invoke(Unknown Source)
at java.lang.reflect.Method.invoke(Unknown Source)
at org.testng.internal.MethodInvocationHelper.invokeMethod(MethodInvocationHelper.java:124)
at org.testng.internal.MethodInvocationHelper.invokeMethodConsideringTimeout(MethodInvocationHelper.java:59)
at org.testng.internal.Invoker.invokeConfigurationMethod(Invoker.java:458)
at org.testng.internal.Invoker.invokeConfigurations(Invoker.java:222)
at org.testng.internal.Invoker.invokeConfigurations(Invoker.java:142)
at org.testng.internal.TestMethodWorker.invokeBeforeClassMethods(TestMethodWorker.java:168)
at org.testng.internal.TestMethodWorker.run(TestMethodWorker.java:105)
at org.testng.TestRunner.privateRun(TestRunner.java:648)
at org.testng.TestRunner.run(TestRunner.java:505)
at org.testng.SuiteRunner.runTest(SuiteRunner.java:455)
at org.testng.SuiteRunner.runSequentially(SuiteRunner.java:450)
at org.testng.SuiteRunner.privateRun(SuiteRunner.java:415)
at org.testng.SuiteRunner.run(SuiteRunner.java:364)
at org.testng.SuiteRunnerWorker.runSuite(SuiteRunnerWorker.java:52)
at org.testng.SuiteRunnerWorker.run(SuiteRunnerWorker.java:84)
at org.testng.TestNG.runSuitesSequentially(TestNG.java:1208)
at org.testng.TestNG.runSuitesLocally(TestNG.java:1137)
at org.testng.TestNG.runSuites(TestNG.java:1049)
at org.testng.TestNG.run(TestNG.java:1017)
at org.testng.remote.AbstractRemoteTestNG.run(AbstractRemoteTestNG.java:115)
at org.testng.remote.RemoteTestNG.initAndRun(RemoteTestNG.java:251)
at org.testng.remote.RemoteTestNG.main(RemoteTestNG.java:77)
]]>
    </error>
  </testcase> <!-- beforeClass -->
  <testcase name="TC_02_Login" time="0.000" classname="com.nopcommerce.users.Level_01_Register_Login">
    <skipped/>
  </testcase> <!-- TC_02_Login -->
  <testcase name="TC_02_Login" time="0.000" classname="com.nopcommerce.users.Level_01_Register_Login">
    <skipped/>
  </testcase> <!-- TC_02_Login -->
</testsuite> <!-- com.nopcommerce.users.Level_01_Register_Login -->
