<?xml version="1.0" encoding="UTF-8"?>
<!-- Generated by org.testng.reporters.JUnitReportReporter -->
<testsuite skipped="0" hostname="DESKTOP-4LGOUIP" name="com.nopcommerce.users.Level_01_Register_Login" tests="3" failures="0" timestamp="10 Jun 2021 13:27:47 GMT" time="11.923" errors="0">
  <testcase name="TC_02_Login" time="4.129" classname="com.nopcommerce.users.Level_01_Register_Login"/>
  <testcase name="TC_03_View_My_Account" time="1.674" classname="com.nopcommerce.users.Level_01_Register_Login"/>
  <testcase name="TC_01_Register" time="6.120" classname="com.nopcommerce.users.Level_01_Register_Login"/>
</testsuite> <!-- com.nopcommerce.users.Level_01_Register_Login -->
